c:\dropbox\c++\string_to_vector\string to vector\string to vector\debug\string to vector.pch
c:\dropbox\c++\string_to_vector\string to vector\string to vector\debug\vc120.pdb
c:\dropbox\c++\string_to_vector\string to vector\string to vector\debug\vc120.idb
c:\dropbox\c++\string_to_vector\string to vector\string to vector\debug\stdafx.obj
c:\dropbox\c++\string_to_vector\string to vector\string to vector\debug\string to vector.pchast
c:\dropbox\c++\string_to_vector\string to vector\string to vector\debug\stdafx.nativecodeanalysis.xml
c:\dropbox\c++\string_to_vector\string to vector\string to vector\debug\string to vector.obj
c:\dropbox\c++\string_to_vector\string to vector\string to vector\debug\string to vector.nativecodeanalysis.xml
c:\dropbox\c++\string_to_vector\string to vector\debug\string to vector.ilk
c:\dropbox\c++\string_to_vector\string to vector\debug\string to vector.exe
c:\dropbox\c++\string_to_vector\string to vector\debug\string to vector.pdb
c:\dropbox\c++\string_to_vector\string to vector\string to vector\debug\nativecodeanalysis.read.1.tlog
c:\dropbox\c++\string_to_vector\string to vector\string to vector\debug\vc.nativecodeanalysis.all.xml
c:\dropbox\c++\string_to_vector\string to vector\debug\string to vector.exe.lastcodeanalysissucceeded
c:\dropbox\c++\string_to_vector\string to vector\string to vector\debug\string to vector.tlog\cl.command.1.tlog
c:\dropbox\c++\string_to_vector\string to vector\string to vector\debug\string to vector.tlog\cl.read.1.tlog
c:\dropbox\c++\string_to_vector\string to vector\string to vector\debug\string to vector.tlog\cl.write.1.tlog
c:\dropbox\c++\string_to_vector\string to vector\string to vector\debug\string to vector.tlog\link.command.1.tlog
c:\dropbox\c++\string_to_vector\string to vector\string to vector\debug\string to vector.tlog\link.read.1.tlog
c:\dropbox\c++\string_to_vector\string to vector\string to vector\debug\string to vector.tlog\link.write.1.tlog
